<?xml version="1.0" encoding="UTF-8"?>
<testng-results ignored="0" total="1" passed="1" failed="0" skipped="0">
  <reporter-output>
  </reporter-output>
  <suite started-at="2022-03-11T01:41:26 IST" name="Default suite" finished-at="2022-03-11T01:42:24 IST" duration-ms="58367">
    <groups>
    </groups>
    <test started-at="2022-03-11T01:41:26 IST" name="Default test" finished-at="2022-03-11T01:42:24 IST" duration-ms="58367">
      <class name="com.yash.testcases.Testcases">
        <test-method is-config="true" signature="setup()[pri:0, instance:com.yash.testcases.Testcases@5d7148e2]" started-at="2022-03-11T01:41:26 IST" name="setup" finished-at="2022-03-11T01:41:42 IST" duration-ms="15951" status="PASS">
          <reporter-output>
          </reporter-output>
        </test-method> <!-- setup -->
        <test-method signature="Usertest()[pri:1, instance:com.yash.testcases.Testcases@5d7148e2]" started-at="2022-03-11T01:41:42 IST" name="Usertest" finished-at="2022-03-11T01:42:24 IST" duration-ms="42376" status="PASS">
          <reporter-output>
          </reporter-output>
        </test-method> <!-- Usertest -->
        <test-method is-config="true" signature="tearDown()[pri:0, instance:com.yash.testcases.Testcases@5d7148e2]" started-at="2022-03-11T01:42:24 IST" name="tearDown" finished-at="2022-03-11T01:42:24 IST" duration-ms="18" status="PASS">
          <reporter-output>
          </reporter-output>
        </test-method> <!-- tearDown -->
      </class> <!-- com.yash.testcases.Testcases -->
    </test> <!-- Default test -->
  </suite> <!-- Default suite -->
</testng-results>
